[2019-01-03 13:50:11] request.INFO: Matched route "admin_product_catalog". {"route_parameters":{"_controller":"PrestaShopBundle\\Controller\\Admin\\ProductController::catalogAction","_legacy_controller":"AdminProducts","limit":"last","offset":0,"orderBy":"last","sortOrder":"desc","_route":"admin_product_catalog"},"request_uri":"http://18.233.42.33/nimda420/index.php/product/catalog?_token=ehrQ4d_SLwwjluo2VPhQhMw4SDtGbuPIGwKK7fV8GHQ"} []
[2019-01-03 13:50:11] security.INFO: Populated the TokenStorage with an anonymous Token. [] []
[2019-01-03 13:50:11] request.CRITICAL: Uncaught PHP Exception Symfony\Component\Debug\Exception\UndefinedFunctionException: "Attempted to call function "apc_fetch" from namespace "Doctrine\Common\Cache"." at /var/www/html/SHN/vendor/doctrine/cache/lib/Doctrine/Common/Cache/ApcCache.php line 40 {"exception":"[object] (Symfony\\Component\\Debug\\Exception\\UndefinedFunctionException(code: 0): Attempted to call function \"apc_fetch\" from namespace \"Doctrine\\Common\\Cache\". at /var/www/html/SHN/vendor/doctrine/cache/lib/Doctrine/Common/Cache/ApcCache.php:40)"} []
[2019-01-03 13:50:11] security.DEBUG: Stored the security token in the session. {"key":"_security_main"} []
[2019-01-03 13:51:46] request.INFO: Matched route "admin_module_catalog". {"route_parameters":{"_controller":"PrestaShopBundle\\Controller\\Admin\\ModuleController::catalogAction","_legacy_controller":"AdminModules","_route":"admin_module_catalog"},"request_uri":"http://18.233.42.33/nimda420/index.php/module/catalog?_token=ehrQ4d_SLwwjluo2VPhQhMw4SDtGbuPIGwKK7fV8GHQ"} []
[2019-01-03 13:51:46] security.DEBUG: Read existing security token from the session. {"key":"_security_main"} []
[2019-01-03 13:51:46] security.DEBUG: User was reloaded from a user provider. {"username":"webmaster@420cyber.com","provider":"PrestaShopBundle\\Security\\Admin\\EmployeeProvider"} []
[2019-01-03 13:51:49] request.CRITICAL: Uncaught PHP Exception Symfony\Component\Debug\Exception\UndefinedFunctionException: "Attempted to call function "apc_fetch" from namespace "Doctrine\Common\Cache"." at /var/www/html/SHN/vendor/doctrine/cache/lib/Doctrine/Common/Cache/ApcCache.php line 40 {"exception":"[object] (Symfony\\Component\\Debug\\Exception\\UndefinedFunctionException(code: 0): Attempted to call function \"apc_fetch\" from namespace \"Doctrine\\Common\\Cache\". at /var/www/html/SHN/vendor/doctrine/cache/lib/Doctrine/Common/Cache/ApcCache.php:40)"} []
[2019-01-03 13:51:50] security.DEBUG: Stored the security token in the session. {"key":"_security_main"} []
[2019-01-03 13:51:52] request.INFO: Matched route "admin_module_catalog". {"route_parameters":{"_controller":"PrestaShopBundle\\Controller\\Admin\\ModuleController::catalogAction","_legacy_controller":"AdminModules","_route":"admin_module_catalog"},"request_uri":"http://18.233.42.33/nimda420/index.php/module/catalog?_token=ehrQ4d_SLwwjluo2VPhQhMw4SDtGbuPIGwKK7fV8GHQ"} []
[2019-01-03 13:51:52] security.DEBUG: Read existing security token from the session. {"key":"_security_main"} []
[2019-01-03 13:51:52] security.DEBUG: User was reloaded from a user provider. {"username":"webmaster@420cyber.com","provider":"PrestaShopBundle\\Security\\Admin\\EmployeeProvider"} []
[2019-01-03 13:51:52] request.CRITICAL: Uncaught PHP Exception Symfony\Component\Debug\Exception\UndefinedFunctionException: "Attempted to call function "apc_fetch" from namespace "Doctrine\Common\Cache"." at /var/www/html/SHN/vendor/doctrine/cache/lib/Doctrine/Common/Cache/ApcCache.php line 40 {"exception":"[object] (Symfony\\Component\\Debug\\Exception\\UndefinedFunctionException(code: 0): Attempted to call function \"apc_fetch\" from namespace \"Doctrine\\Common\\Cache\". at /var/www/html/SHN/vendor/doctrine/cache/lib/Doctrine/Common/Cache/ApcCache.php:40)"} []
[2019-01-03 13:51:52] security.DEBUG: Stored the security token in the session. {"key":"_security_main"} []
[2019-01-03 13:53:02] request.INFO: Matched route "admin_module_catalog". {"route_parameters":{"_controller":"PrestaShopBundle\\Controller\\Admin\\ModuleController::catalogAction","_legacy_controller":"AdminModules","_route":"admin_module_catalog"},"request_uri":"http://18.233.42.33/nimda420/index.php/module/catalog?_token=ehrQ4d_SLwwjluo2VPhQhMw4SDtGbuPIGwKK7fV8GHQ"} []
[2019-01-03 13:53:02] security.DEBUG: Read existing security token from the session. {"key":"_security_main"} []
[2019-01-03 13:53:02] security.DEBUG: User was reloaded from a user provider. {"username":"webmaster@420cyber.com","provider":"PrestaShopBundle\\Security\\Admin\\EmployeeProvider"} []
[2019-01-03 13:53:02] request.CRITICAL: Uncaught PHP Exception Symfony\Component\Debug\Exception\UndefinedFunctionException: "Attempted to call function "apc_fetch" from namespace "Doctrine\Common\Cache"." at /var/www/html/SHN/vendor/doctrine/cache/lib/Doctrine/Common/Cache/ApcCache.php line 40 {"exception":"[object] (Symfony\\Component\\Debug\\Exception\\UndefinedFunctionException(code: 0): Attempted to call function \"apc_fetch\" from namespace \"Doctrine\\Common\\Cache\". at /var/www/html/SHN/vendor/doctrine/cache/lib/Doctrine/Common/Cache/ApcCache.php:40)"} []
[2019-01-03 13:53:02] security.DEBUG: Stored the security token in the session. {"key":"_security_main"} []
[2019-01-03 13:53:13] request.INFO: Matched route "admin_module_catalog". {"route_parameters":{"_controller":"PrestaShopBundle\\Controller\\Admin\\ModuleController::catalogAction","_legacy_controller":"AdminModules","_route":"admin_module_catalog"},"request_uri":"http://18.233.42.33/nimda420/index.php/module/catalog?_token=ehrQ4d_SLwwjluo2VPhQhMw4SDtGbuPIGwKK7fV8GHQ"} []
[2019-01-03 13:53:13] security.DEBUG: Read existing security token from the session. {"key":"_security_main"} []
[2019-01-03 13:53:13] security.DEBUG: User was reloaded from a user provider. {"username":"webmaster@420cyber.com","provider":"PrestaShopBundle\\Security\\Admin\\EmployeeProvider"} []
[2019-01-03 13:53:13] request.CRITICAL: Uncaught PHP Exception Symfony\Component\Debug\Exception\UndefinedFunctionException: "Attempted to call function "apc_fetch" from namespace "Doctrine\Common\Cache"." at /var/www/html/SHN/vendor/doctrine/cache/lib/Doctrine/Common/Cache/ApcCache.php line 40 {"exception":"[object] (Symfony\\Component\\Debug\\Exception\\UndefinedFunctionException(code: 0): Attempted to call function \"apc_fetch\" from namespace \"Doctrine\\Common\\Cache\". at /var/www/html/SHN/vendor/doctrine/cache/lib/Doctrine/Common/Cache/ApcCache.php:40)"} []
[2019-01-03 13:53:13] security.DEBUG: Stored the security token in the session. {"key":"_security_main"} []
[2019-01-07 08:53:22] request.INFO: Matched route "admin_product_image_upload". {"route_parameters":{"_controller":"PrestaShopBundle\\Controller\\Admin\\ProductImageController::uploadImageAction","idProduct":"1923","_route":"admin_product_image_upload"},"request_uri":"http://www.seedsherenow.com/nimda420/index.php/product/product/image/upload/1923?_token=X5dYnXL_mvxqUUyi-o1lrB35-S2zevjDzDblX42H_Q0"} []
[2019-01-07 08:53:22] security.DEBUG: Read existing security token from the session. {"key":"_security_main"} []
[2019-01-07 08:53:22] security.DEBUG: User was reloaded from a user provider. {"username":"adam@seedsherenow.com","provider":"PrestaShopBundle\\Security\\Admin\\EmployeeProvider"} []
[2019-01-07 08:53:22] request.CRITICAL: Uncaught PHP Exception Symfony\Component\Debug\Exception\UndefinedFunctionException: "Attempted to call function "imagecreatetruecolor" from the global namespace." at /var/www/html/SHN/classes/ImageManager.php line 259 {"exception":"[object] (Symfony\\Component\\Debug\\Exception\\UndefinedFunctionException(code: 0): Attempted to call function \"imagecreatetruecolor\" from the global namespace. at /var/www/html/SHN/classes/ImageManager.php:259)"} []
[2019-01-07 08:53:22] security.DEBUG: Stored the security token in the session. {"key":"_security_main"} []
[2019-01-07 08:53:35] request.INFO: Matched route "admin_product_image_upload". {"route_parameters":{"_controller":"PrestaShopBundle\\Controller\\Admin\\ProductImageController::uploadImageAction","idProduct":"1923","_route":"admin_product_image_upload"},"request_uri":"http://www.seedsherenow.com/nimda420/index.php/product/product/image/upload/1923?_token=X5dYnXL_mvxqUUyi-o1lrB35-S2zevjDzDblX42H_Q0"} []
[2019-01-07 08:53:35] security.DEBUG: Read existing security token from the session. {"key":"_security_main"} []
[2019-01-07 08:53:35] security.DEBUG: User was reloaded from a user provider. {"username":"adam@seedsherenow.com","provider":"PrestaShopBundle\\Security\\Admin\\EmployeeProvider"} []
[2019-01-07 08:53:35] request.CRITICAL: Uncaught PHP Exception Symfony\Component\Debug\Exception\UndefinedFunctionException: "Attempted to call function "imagecreatetruecolor" from the global namespace." at /var/www/html/SHN/classes/ImageManager.php line 259 {"exception":"[object] (Symfony\\Component\\Debug\\Exception\\UndefinedFunctionException(code: 0): Attempted to call function \"imagecreatetruecolor\" from the global namespace. at /var/www/html/SHN/classes/ImageManager.php:259)"} []
[2019-01-07 08:53:35] security.DEBUG: Stored the security token in the session. {"key":"_security_main"} []
[2019-01-07 08:53:43] request.INFO: Matched route "admin_product_image_upload". {"route_parameters":{"_controller":"PrestaShopBundle\\Controller\\Admin\\ProductImageController::uploadImageAction","idProduct":"1923","_route":"admin_product_image_upload"},"request_uri":"http://www.seedsherenow.com/nimda420/index.php/product/product/image/upload/1923?_token=X5dYnXL_mvxqUUyi-o1lrB35-S2zevjDzDblX42H_Q0"} []
[2019-01-07 08:53:43] security.DEBUG: Read existing security token from the session. {"key":"_security_main"} []
[2019-01-07 08:53:43] security.DEBUG: User was reloaded from a user provider. {"username":"adam@seedsherenow.com","provider":"PrestaShopBundle\\Security\\Admin\\EmployeeProvider"} []
[2019-01-07 08:53:43] request.CRITICAL: Uncaught PHP Exception Symfony\Component\Debug\Exception\UndefinedFunctionException: "Attempted to call function "imagecreatetruecolor" from the global namespace." at /var/www/html/SHN/classes/ImageManager.php line 259 {"exception":"[object] (Symfony\\Component\\Debug\\Exception\\UndefinedFunctionException(code: 0): Attempted to call function \"imagecreatetruecolor\" from the global namespace. at /var/www/html/SHN/classes/ImageManager.php:259)"} []
[2019-01-07 08:53:43] security.DEBUG: Stored the security token in the session. {"key":"_security_main"} []
[2019-01-07 08:53:53] request.INFO: Matched route "admin_product_image_upload". {"route_parameters":{"_controller":"PrestaShopBundle\\Controller\\Admin\\ProductImageController::uploadImageAction","idProduct":"1923","_route":"admin_product_image_upload"},"request_uri":"http://www.seedsherenow.com/nimda420/index.php/product/product/image/upload/1923?_token=X5dYnXL_mvxqUUyi-o1lrB35-S2zevjDzDblX42H_Q0"} []
[2019-01-07 08:53:53] security.DEBUG: Read existing security token from the session. {"key":"_security_main"} []
[2019-01-07 08:53:53] security.DEBUG: User was reloaded from a user provider. {"username":"adam@seedsherenow.com","provider":"PrestaShopBundle\\Security\\Admin\\EmployeeProvider"} []
[2019-01-07 08:53:53] request.CRITICAL: Uncaught PHP Exception Symfony\Component\Debug\Exception\UndefinedFunctionException: "Attempted to call function "imagecreatetruecolor" from the global namespace." at /var/www/html/SHN/classes/ImageManager.php line 259 {"exception":"[object] (Symfony\\Component\\Debug\\Exception\\UndefinedFunctionException(code: 0): Attempted to call function \"imagecreatetruecolor\" from the global namespace. at /var/www/html/SHN/classes/ImageManager.php:259)"} []
[2019-01-07 08:53:53] security.DEBUG: Stored the security token in the session. {"key":"_security_main"} []
[2019-01-07 08:54:23] request.INFO: Matched route "admin_product_image_upload". {"route_parameters":{"_controller":"PrestaShopBundle\\Controller\\Admin\\ProductImageController::uploadImageAction","idProduct":"1922","_route":"admin_product_image_upload"},"request_uri":"http://www.seedsherenow.com/nimda420/index.php/product/product/image/upload/1922?_token=X5dYnXL_mvxqUUyi-o1lrB35-S2zevjDzDblX42H_Q0"} []
[2019-01-07 08:54:23] security.DEBUG: Read existing security token from the session. {"key":"_security_main"} []
[2019-01-07 08:54:23] security.DEBUG: User was reloaded from a user provider. {"username":"adam@seedsherenow.com","provider":"PrestaShopBundle\\Security\\Admin\\EmployeeProvider"} []
[2019-01-07 08:54:23] request.CRITICAL: Uncaught PHP Exception Symfony\Component\Debug\Exception\UndefinedFunctionException: "Attempted to call function "imagecreatetruecolor" from the global namespace." at /var/www/html/SHN/classes/ImageManager.php line 259 {"exception":"[object] (Symfony\\Component\\Debug\\Exception\\UndefinedFunctionException(code: 0): Attempted to call function \"imagecreatetruecolor\" from the global namespace. at /var/www/html/SHN/classes/ImageManager.php:259)"} []
[2019-01-07 08:54:23] security.DEBUG: Stored the security token in the session. {"key":"_security_main"} []
[2019-01-07 08:54:43] request.INFO: Matched route "admin_product_image_upload". {"route_parameters":{"_controller":"PrestaShopBundle\\Controller\\Admin\\ProductImageController::uploadImageAction","idProduct":"1921","_route":"admin_product_image_upload"},"request_uri":"http://www.seedsherenow.com/nimda420/index.php/product/product/image/upload/1921?_token=X5dYnXL_mvxqUUyi-o1lrB35-S2zevjDzDblX42H_Q0"} []
[2019-01-07 08:54:43] security.DEBUG: Read existing security token from the session. {"key":"_security_main"} []
[2019-01-07 08:54:43] security.DEBUG: User was reloaded from a user provider. {"username":"adam@seedsherenow.com","provider":"PrestaShopBundle\\Security\\Admin\\EmployeeProvider"} []
[2019-01-07 08:54:43] request.CRITICAL: Uncaught PHP Exception Symfony\Component\Debug\Exception\UndefinedFunctionException: "Attempted to call function "imagecreatetruecolor" from the global namespace." at /var/www/html/SHN/classes/ImageManager.php line 259 {"exception":"[object] (Symfony\\Component\\Debug\\Exception\\UndefinedFunctionException(code: 0): Attempted to call function \"imagecreatetruecolor\" from the global namespace. at /var/www/html/SHN/classes/ImageManager.php:259)"} []
[2019-01-07 08:54:43] security.DEBUG: Stored the security token in the session. {"key":"_security_main"} []
[2019-01-07 08:55:43] request.INFO: Matched route "admin_product_image_upload". {"route_parameters":{"_controller":"PrestaShopBundle\\Controller\\Admin\\ProductImageController::uploadImageAction","idProduct":"1923","_route":"admin_product_image_upload"},"request_uri":"http://www.seedsherenow.com/nimda420/index.php/product/product/image/upload/1923?_token=X5dYnXL_mvxqUUyi-o1lrB35-S2zevjDzDblX42H_Q0"} []
[2019-01-07 08:55:44] security.DEBUG: Read existing security token from the session. {"key":"_security_main"} []
[2019-01-07 08:55:44] security.DEBUG: User was reloaded from a user provider. {"username":"adam@seedsherenow.com","provider":"PrestaShopBundle\\Security\\Admin\\EmployeeProvider"} []
[2019-01-07 08:55:44] request.CRITICAL: Uncaught PHP Exception Symfony\Component\Debug\Exception\UndefinedFunctionException: "Attempted to call function "imagecreatetruecolor" from the global namespace." at /var/www/html/SHN/classes/ImageManager.php line 259 {"exception":"[object] (Symfony\\Component\\Debug\\Exception\\UndefinedFunctionException(code: 0): Attempted to call function \"imagecreatetruecolor\" from the global namespace. at /var/www/html/SHN/classes/ImageManager.php:259)"} []
[2019-01-07 08:55:44] security.DEBUG: Stored the security token in the session. {"key":"_security_main"} []
[2019-01-07 15:08:51] request.INFO: Matched route "admin_product_image_upload". {"route_parameters":{"_controller":"PrestaShopBundle\\Controller\\Admin\\ProductImageController::uploadImageAction","idProduct":"1923","_route":"admin_product_image_upload"},"request_uri":"http://www.seedsherenow.com/nimda420/index.php/product/product/image/upload/1923?_token=X5dYnXL_mvxqUUyi-o1lrB35-S2zevjDzDblX42H_Q0"} []
[2019-01-07 15:08:51] security.DEBUG: Read existing security token from the session. {"key":"_security_main"} []
[2019-01-07 15:08:51] security.DEBUG: User was reloaded from a user provider. {"username":"adam@seedsherenow.com","provider":"PrestaShopBundle\\Security\\Admin\\EmployeeProvider"} []
[2019-01-07 15:08:53] request.CRITICAL: Uncaught PHP Exception Symfony\Component\Debug\Exception\UndefinedFunctionException: "Attempted to call function "imagecreatetruecolor" from the global namespace." at /var/www/html/SHN/classes/ImageManager.php line 259 {"exception":"[object] (Symfony\\Component\\Debug\\Exception\\UndefinedFunctionException(code: 0): Attempted to call function \"imagecreatetruecolor\" from the global namespace. at /var/www/html/SHN/classes/ImageManager.php:259)"} []
[2019-01-07 15:08:53] security.DEBUG: Stored the security token in the session. {"key":"_security_main"} []
[2019-01-08 09:56:08] request.INFO: Matched route "admin_product_image_upload". {"route_parameters":{"_controller":"PrestaShopBundle\\Controller\\Admin\\ProductImageController::uploadImageAction","idProduct":"1923","_route":"admin_product_image_upload"},"request_uri":"http://www.seedsherenow.com/nimda420/index.php/product/product/image/upload/1923?_token=JGbVu6qdE7gHV6HqA839JirFGFUcnRXBnS-r93jvHbc"} []
[2019-01-08 09:56:08] security.DEBUG: Read existing security token from the session. {"key":"_security_main"} []
[2019-01-08 09:56:08] security.DEBUG: User was reloaded from a user provider. {"username":"adam@seedsherenow.com","provider":"PrestaShopBundle\\Security\\Admin\\EmployeeProvider"} []
[2019-01-08 09:56:08] request.CRITICAL: Uncaught PHP Exception Symfony\Component\Debug\Exception\UndefinedFunctionException: "Attempted to call function "imagecreatetruecolor" from the global namespace." at /var/www/html/SHN/classes/ImageManager.php line 259 {"exception":"[object] (Symfony\\Component\\Debug\\Exception\\UndefinedFunctionException(code: 0): Attempted to call function \"imagecreatetruecolor\" from the global namespace. at /var/www/html/SHN/classes/ImageManager.php:259)"} []
[2019-01-08 09:56:08] security.DEBUG: Stored the security token in the session. {"key":"_security_main"} []
